-------------------------------------------------------------------------------
Test set: com.hrms.runners.SmokeRunner
-------------------------------------------------------------------------------
Tests run: 2, Failures: 1, Errors: 0, Skipped: 0, Time elapsed: 20.192 s <<< FAILURE! - in com.hrms.runners.SmokeRunner
Login.Valid login  Time elapsed: 6.806 s  <<< FAILURE!
java.lang.AssertionError

